Removed Pin From Net: NetName=SPI DO Pin=U?-2
Removed Pin From Net: NetName=SPI DI Pin=U?-5
Added Component: Designator=C?(WCAP-CSGP_0805_L2W1.25H1.25)
Add component (AddParameter): Name = "Capacitance Tolerance"; Value = "+/-20%"; VariantName = "[No Variations]"
Add component (AddParameter): Name = "Case/Package"; Value = "0805"; VariantName = "[No Variations]"
Add component (AddParameter): Name = "Category"; Value = "Multilayer Ceramic Chip Capacitors"; VariantName = "[No Variations]"
Add component (AddParameter): Name = "Ceramic Type"; Value = "X5R"; VariantName = "[No Variations]"
Add component (AddParameter): Name = "Component Type"; Value = "Standard"; VariantName = "[No Variations]"
Add component (AddParameter): Name = "ComponentLink1Description"; Value = "Website Link"; VariantName = "[No Variations]"
Add component (AddParameter): Name = "ComponentLink1URL"; Value = "https://www.we-online.com/redexpert/article/885012107012?ad"; VariantName = "[No Variations]"
Add component (AddParameter): Name = "ComponentLink2Description"; Value = "Datasheet Link"; VariantName = "[No Variations]"
Add component (AddParameter): Name = "ComponentLink2URL"; Value = "https://www.we-online.com/redexpert/spec/885012107012?ad"; VariantName = "[No Variations]"
Add component (AddParameter): Name = "Design Item ID"; Value = "885012107012"; VariantName = "[No Variations]"
Add component (AddParameter): Name = "Dissipation Factor"; Value = "10%"; VariantName = "[No Variations]"
Add component (AddParameter): Name = "Height"; Value = "1.25mm"; VariantName = "[No Variations]"
Add component (AddParameter): Name = "Insulation Resistance"; Value = "0.05GOhm"; VariantName = "[No Variations]"
Add component (AddParameter): Name = "Length"; Value = "2mm"; VariantName = "[No Variations]"
Add component (AddParameter): Name = "Manufacturer"; Value = "Wurth Elektronik"; VariantName = "[No Variations]"
Add component (AddParameter): Name = "Manufacturer Part Number"; Value = "885012107012"; VariantName = "[No Variations]"
Add component (AddParameter): Name = "Match Code"; Value = "WCAP-CSGP"; VariantName = "[No Variations]"
Add component (AddParameter): Name = "Mount"; Value = "Surface Mount"; VariantName = "[No Variations]"
Add component (AddParameter): Name = "Operating Temperature Max"; Value = "85°C"; VariantName = "[No Variations]"
Add component (AddParameter): Name = "Operating Temperature Min"; Value = "-55°C"; VariantName = "[No Variations]"
Add component (AddParameter): Name = "Packaging"; Value = "Tape and Reel"; VariantName = "[No Variations]"
Add component (AddParameter): Name = "Pins"; Value = "2"; VariantName = "[No Variations]"
Add component (AddParameter): Name = "Q Factor"; Value = ""; VariantName = "[No Variations]"
Add component (AddParameter): Name = "Rated Voltage (DC)"; Value = "16V"; VariantName = "[No Variations]"
Add component (AddParameter): Name = "Source"; Value = "WCAP-CSGP.SchLib"; VariantName = "[No Variations]"
Add component (AddParameter): Name = "Technical Reference"; Value = "X5R0805225M016DFCT10000"; VariantName = "[No Variations]"
Add component (AddParameter): Name = "Value"; Value = "2.2µF"; VariantName = "[No Variations]"
Add component (AddParameter): Name = "Width"; Value = "1.25mm"; VariantName = "[No Variations]"
Added Component: Designator=C?(WCAP-CSGP_0805_L2W1.25H0.8_Reflow)
Add component (AddParameter): Name = "Capacitance Tolerance"; Value = "+/-10%"; VariantName = "[No Variations]"
Add component (AddParameter): Name = "Case/Package"; Value = "0805"; VariantName = "[No Variations]"
Add component (AddParameter): Name = "Category"; Value = "Multilayer Ceramic Chip Capacitors"; VariantName = "[No Variations]"
Add component (AddParameter): Name = "Ceramic Type"; Value = "X7R"; VariantName = "[No Variations]"
Add component (AddParameter): Name = "Component Type"; Value = "Standard"; VariantName = "[No Variations]"
Add component (AddParameter): Name = "ComponentLink1Description"; Value = "Website Link"; VariantName = "[No Variations]"
Add component (AddParameter): Name = "ComponentLink1URL"; Value = "https://www.we-online.com/redexpert/article/885012207016?ad"; VariantName = "[No Variations]"
Add component (AddParameter): Name = "ComponentLink2Description"; Value = "Datasheet Link"; VariantName = "[No Variations]"
Add component (AddParameter): Name = "ComponentLink2URL"; Value = "https://www.we-online.com/redexpert/spec/885012207016?ad"; VariantName = "[No Variations]"
Add component (AddParameter): Name = "Design Item ID"; Value = "885012207016"; VariantName = "[No Variations]"
Add component (AddParameter): Name = "Dissipation Factor"; Value = "5%"; VariantName = "[No Variations]"
Add component (AddParameter): Name = "Height"; Value = "0.8mm"; VariantName = "[No Variations]"
Add component (AddParameter): Name = "Insulation Resistance"; Value = "5GO"; VariantName = "[No Variations]"
Add component (AddParameter): Name = "Length"; Value = "2mm"; VariantName = "[No Variations]"
Add component (AddParameter): Name = "Manufacturer"; Value = "Wurth Elektronik"; VariantName = "[No Variations]"
Add component (AddParameter): Name = "Manufacturer Part Number"; Value = "885012207016"; VariantName = "[No Variations]"
Add component (AddParameter): Name = "Match Code"; Value = "WCAP-CSGP"; VariantName = "[No Variations]"
Add component (AddParameter): Name = "Mount"; Value = "Surface Mount"; VariantName = "[No Variations]"
Add component (AddParameter): Name = "Operating Temperature Max"; Value = "125°C"; VariantName = "[No Variations]"
Add component (AddParameter): Name = "Operating Temperature Min"; Value = "-55°C"; VariantName = "[No Variations]"
Add component (AddParameter): Name = "Packaging"; Value = "Tape and Reel"; VariantName = "[No Variations]"
Add component (AddParameter): Name = "Pins"; Value = "2"; VariantName = "[No Variations]"
Add component (AddParameter): Name = "Q Factor"; Value = ""; VariantName = "[No Variations]"
Add component (AddParameter): Name = "Rated Voltage (DC)"; Value = "10V"; VariantName = "[No Variations]"
Add component (AddParameter): Name = "Source"; Value = "WCAP-CSGP.SchLib"; VariantName = "[No Variations]"
Add component (AddParameter): Name = "Technical Reference"; Value = "X7R0805104K010DFCT10000"; VariantName = "[No Variations]"
Add component (AddParameter): Name = "Value"; Value = "100nF"; VariantName = "[No Variations]"
Add component (AddParameter): Name = "Width"; Value = "1.25mm"; VariantName = "[No Variations]"
Added Component: Designator=C?(WCAP-CSGP_0805_L2W1.25H1.25)
Add component (AddParameter): Name = "Capacitance Tolerance"; Value = "+/-5%"; VariantName = "[No Variations]"
Add component (AddParameter): Name = "Case/Package"; Value = "0805"; VariantName = "[No Variations]"
Add component (AddParameter): Name = "Category"; Value = "Multilayer Ceramic Chip Capacitors"; VariantName = "[No Variations]"
Add component (AddParameter): Name = "Ceramic Type"; Value = "NP0"; VariantName = "[No Variations]"
Add component (AddParameter): Name = "Component Type"; Value = "Standard"; VariantName = "[No Variations]"
Add component (AddParameter): Name = "ComponentLink1Description"; Value = "Website Link"; VariantName = "[No Variations]"
Add component (AddParameter): Name = "ComponentLink1URL"; Value = "https://www.we-online.com/redexpert/article/885012007009?ad"; VariantName = "[No Variations]"
Add component (AddParameter): Name = "ComponentLink2Description"; Value = "Datasheet Link"; VariantName = "[No Variations]"
Add component (AddParameter): Name = "ComponentLink2URL"; Value = "https://www.we-online.com/redexpert/spec/885012007009?ad"; VariantName = "[No Variations]"
Add component (AddParameter): Name = "Design Item ID"; Value = "885012007009"; VariantName = "[No Variations]"
Add component (AddParameter): Name = "Dissipation Factor"; Value = ""; VariantName = "[No Variations]"
Add component (AddParameter): Name = "Height"; Value = "1.25mm"; VariantName = "[No Variations]"
Add component (AddParameter): Name = "Insulation Resistance"; Value = "10GOhm"; VariantName = "[No Variations]"
Add component (AddParameter): Name = "Length"; Value = "2mm"; VariantName = "[No Variations]"
Add component (AddParameter): Name = "Manufacturer"; Value = "Wurth Elektronik"; VariantName = "[No Variations]"
Add component (AddParameter): Name = "Manufacturer Part Number"; Value = "885012007009"; VariantName = "[No Variations]"
Add component (AddParameter): Name = "Match Code"; Value = "WCAP-CSGP"; VariantName = "[No Variations]"
Add component (AddParameter): Name = "Mount"; Value = "Surface Mount"; VariantName = "[No Variations]"
Add component (AddParameter): Name = "Operating Temperature Max"; Value = "125°C"; VariantName = "[No Variations]"
Add component (AddParameter): Name = "Operating Temperature Min"; Value = "-55°C"; VariantName = "[No Variations]"
Add component (AddParameter): Name = "Packaging"; Value = "Tape and Reel"; VariantName = "[No Variations]"
Add component (AddParameter): Name = "Pins"; Value = "2"; VariantName = "[No Variations]"
Add component (AddParameter): Name = "Q Factor"; Value = "1000"; VariantName = "[No Variations]"
Add component (AddParameter): Name = "Rated Voltage (DC)"; Value = "10V"; VariantName = "[No Variations]"
Add component (AddParameter): Name = "Source"; Value = "WCAP-CSGP.SchLib"; VariantName = "[No Variations]"
Add component (AddParameter): Name = "Technical Reference"; Value = "NP00805103J010DFCT10000"; VariantName = "[No Variations]"
Add component (AddParameter): Name = "Value"; Value = "10nF"; VariantName = "[No Variations]"
Add component (AddParameter): Name = "Width"; Value = "1.25mm"; VariantName = "[No Variations]"
Added Component: Designator=C?(WCAP-CSGP_0805_L2W1.25H0.8_Reflow)
Add component (AddParameter): Name = "Capacitance Tolerance"; Value = "+/-10%"; VariantName = "[No Variations]"
Add component (AddParameter): Name = "Case/Package"; Value = "0805"; VariantName = "[No Variations]"
Add component (AddParameter): Name = "Category"; Value = "Multilayer Ceramic Chip Capacitors"; VariantName = "[No Variations]"
Add component (AddParameter): Name = "Ceramic Type"; Value = "X7R"; VariantName = "[No Variations]"
Add component (AddParameter): Name = "Component Type"; Value = "Standard"; VariantName = "[No Variations]"
Add component (AddParameter): Name = "ComponentLink1Description"; Value = "Website Link"; VariantName = "[No Variations]"
Add component (AddParameter): Name = "ComponentLink1URL"; Value = "https://www.we-online.com/redexpert/article/885012207016?ad"; VariantName = "[No Variations]"
Add component (AddParameter): Name = "ComponentLink2Description"; Value = "Datasheet Link"; VariantName = "[No Variations]"
Add component (AddParameter): Name = "ComponentLink2URL"; Value = "https://www.we-online.com/redexpert/spec/885012207016?ad"; VariantName = "[No Variations]"
Add component (AddParameter): Name = "Design Item ID"; Value = "885012207016"; VariantName = "[No Variations]"
Add component (AddParameter): Name = "Dissipation Factor"; Value = "5%"; VariantName = "[No Variations]"
Add component (AddParameter): Name = "Height"; Value = "0.8mm"; VariantName = "[No Variations]"
Add component (AddParameter): Name = "Insulation Resistance"; Value = "5GO"; VariantName = "[No Variations]"
Add component (AddParameter): Name = "Length"; Value = "2mm"; VariantName = "[No Variations]"
Add component (AddParameter): Name = "Manufacturer"; Value = "Wurth Elektronik"; VariantName = "[No Variations]"
Add component (AddParameter): Name = "Manufacturer Part Number"; Value = "885012207016"; VariantName = "[No Variations]"
Add component (AddParameter): Name = "Match Code"; Value = "WCAP-CSGP"; VariantName = "[No Variations]"
Add component (AddParameter): Name = "Mount"; Value = "Surface Mount"; VariantName = "[No Variations]"
Add component (AddParameter): Name = "Operating Temperature Max"; Value = "125°C"; VariantName = "[No Variations]"
Add component (AddParameter): Name = "Operating Temperature Min"; Value = "-55°C"; VariantName = "[No Variations]"
Add component (AddParameter): Name = "Packaging"; Value = "Tape and Reel"; VariantName = "[No Variations]"
Add component (AddParameter): Name = "Pins"; Value = "2"; VariantName = "[No Variations]"
Add component (AddParameter): Name = "Q Factor"; Value = ""; VariantName = "[No Variations]"
Add component (AddParameter): Name = "Rated Voltage (DC)"; Value = "10V"; VariantName = "[No Variations]"
Add component (AddParameter): Name = "Source"; Value = "WCAP-CSGP.SchLib"; VariantName = "[No Variations]"
Add component (AddParameter): Name = "Technical Reference"; Value = "X7R0805104K010DFCT10000"; VariantName = "[No Variations]"
Add component (AddParameter): Name = "Value"; Value = "100nF"; VariantName = "[No Variations]"
Add component (AddParameter): Name = "Width"; Value = "1.25mm"; VariantName = "[No Variations]"
Added Component: Designator=J?(GCT_MEM2067-02-180-00-A_REVB)
Add component (AddParameter): Name = "Availability"; Value = "Unavailable"; VariantName = "[No Variations]"
Add component (AddParameter): Name = "Case/Package"; Value = "None"; VariantName = "[No Variations]"
Add component (AddParameter): Name = "Component Type"; Value = "Standard"; VariantName = "[No Variations]"
Add component (AddParameter): Name = "Design Item ID"; Value = "MEM2067-02-180-00-A_REVB"; VariantName = "[No Variations]"
Add component (AddParameter): Name = "MP"; Value = "MEM2067-02-180-00-A_REVB"; VariantName = "[No Variations]"
Add component (AddParameter): Name = "Pins"; Value = "12"; VariantName = "[No Variations]"
Add component (AddParameter): Name = "Price"; Value = "None"; VariantName = "[No Variations]"
Add component (AddParameter): Name = "Source"; Value = "MEM2067-02-180-00-A_REVB.SchLib"; VariantName = "[No Variations]"
Add component (AddParameter): Name = "Value"; Value = ""; VariantName = "[No Variations]"
Added Component: Designator=R?(RESC2012X60N)
Add component (AddParameter): Name = "Availability"; Value = "Unavailable"; VariantName = "[No Variations]"
Add component (AddParameter): Name = "Case/Package"; Value = "None"; VariantName = "[No Variations]"
Add component (AddParameter): Name = "Component Type"; Value = "Standard"; VariantName = "[No Variations]"
Add component (AddParameter): Name = "Design Item ID"; Value = "RC0805JR-075K1L"; VariantName = "[No Variations]"
Add component (AddParameter): Name = "MP"; Value = "RC0805JR-075K1L"; VariantName = "[No Variations]"
Add component (AddParameter): Name = "Pins"; Value = "2"; VariantName = "[No Variations]"
Add component (AddParameter): Name = "Price"; Value = "None"; VariantName = "[No Variations]"
Add component (AddParameter): Name = "Source"; Value = "RC0805JR-075K1L.SchLib"; VariantName = "[No Variations]"
Add component (AddParameter): Name = "Value"; Value = "5.1k"; VariantName = "[No Variations]"
Added Component: Designator=S?(SW_PTS_647_SM38_SMTR2_LFS)
Add component (AddParameter): Name = "Case/Package"; Value = "None"; VariantName = "[No Variations]"
Add component (AddParameter): Name = "Check_prices"; Value = "https://www.snapeda.com/parts/PTS%20647%20SM38%20SMTR2%20LFS/C%2526K/view-part/?ref=eda"; VariantName = "[No Variations]"
Add component (AddParameter): Name = "Component Type"; Value = "Standard"; VariantName = "[No Variations]"
Add component (AddParameter): Name = "Design Item ID"; Value = "PTS_647_SM38_SMTR2_LFS"; VariantName = "[No Variations]"
Add component (AddParameter): Name = "Digi-Key_Part_Number"; Value = "PTS647SM38SMTR2LFSTR-ND"; VariantName = "[No Variations]"
Add component (AddParameter): Name = "MF"; Value = "C&K"; VariantName = "[No Variations]"
Add component (AddParameter): Name = "MP"; Value = "PTS 647 SM38 SMTR2 LFS"; VariantName = "[No Variations]"
Add component (AddParameter): Name = "Pins"; Value = "4"; VariantName = "[No Variations]"
Add component (AddParameter): Name = "Purchase-URL"; Value = "https://pricing.snapeda.com/search/part/PTS 647 SM38 SMTR2 LFS/?ref=eda"; VariantName = "[No Variations]"
Add component (AddParameter): Name = "SnapEDA_Link"; Value = "https://www.snapeda.com/parts/PTS%20647%20SM38%20SMTR2%20LFS/C%2526K/view-part/?ref=snap"; VariantName = "[No Variations]"
Add component (AddParameter): Name = "Source"; Value = "PTS_647_SM38_SMTR2_LFS.SchLib"; VariantName = "[No Variations]"
Add component (AddParameter): Name = "Value"; Value = ""; VariantName = "[No Variations]"
Add Component: Footprint Not Found USON8_4X3_UU_WIN
Added Pin To Net: NetName=GND Pin=C?-1
Added Pin To Net: NetName=GND Pin=C?-1
Added Pin To Net: NetName=GND Pin=C?-1
Added Pin To Net: NetName=GND Pin=C?-1
Added Pin To Net: NetName=+3V3 Pin=C?-2
Added Pin To Net: NetName=+3V3 Pin=C?-2
Added Pin To Net: NetName=+3V3 Pin=C?-2
Added Pin To Net: NetName=INT GYR GPIO9 Pin=C?-2
Added Pin To Net: NetName=GND Pin=J?-6
Added Pin To Net: NetName=GND Pin=J?-9
Added Pin To Net: NetName=GND Pin=J?-10
Added Pin To Net: NetName=GND Pin=J?-11
Added Pin To Net: NetName=GND Pin=J?-12
Added Pin To Net: NetName=FSPI Q Pin=MT?-1
Added Pin To Net: NetName=GND Pin=MT?-2
Added Pin To Net: NetName=INT ACC Pin=MT?-4
Added Pin To Net: NetName=+3V3 Pin=MT?-5
Added Pin To Net: NetName=+3V3 Pin=MT?-8
Added Pin To Net: NetName=INT GYR GPIO9 Pin=MT?-9
Added Pin To Net: NetName=FSPI NCS Pin=MT?-12
Added Pin To Net: NetName=FSPI CLK Pin=MT?-13
Added Pin To Net: NetName=FSPI D Pin=MT?-14
Added Pin To Net: NetName=INT GYR GPIO9 Pin=R?-1
Added Pin To Net: NetName=+3V3 Pin=R?-2
Added Pin To Net: NetName=INT GYR GPIO9 Pin=S?-1
Added Pin To Net: NetName=INT GYR GPIO9 Pin=S?-2
Added Pin To Net: NetName=GND Pin=S?-3
Added Pin To Net: NetName=GND Pin=S?-4
Added Pin To Net: NetName=SPI NCS Pin=U?-1
Added Pin To Net: NetName=GND Pin=U?-2
Added Pin To Net: NetName=SPI DO Pin=U?-2
Added Pin To Net: NetName=SPI NWP Pin=U?-3
Added Pin To Net: NetName=GND Pin=U?-4
Added Pin To Net: NetName=+3V3 Pin=U?-5
Added Pin To Net: NetName=SPI DI Pin=U?-5
Add Pin To Net: Unknown Pin: Pin U?-6
Add Pin To Net: Unknown Pin: Pin U?-7
Add Pin To Net: Unknown Pin: Pin U?-8
Add Pin To Net: Unknown Pin: Pin U?-9
Add Pin To Net: Unknown Pin: Pin U?-10
Added Member To Class: ClassName=Main Member=Component C? 885012207016
Added Member To Class: ClassName=Main Member=Component C? 885012207016
Added Member To Class: ClassName=Main Member=Component C? 885012107012
Added Member To Class: ClassName=Main Member=Component C? 885012207016
Added Member To Class: ClassName=Main Member=Component C? 885012208018
Added Member To Class: ClassName=Main Member=Component C? 885012208018
Added Member To Class: ClassName=Main Member=Component C? 885012008037
Added Member To Class: ClassName=Main Member=Component C? 885012207016
Added Member To Class: ClassName=Main Member=Component C? 885012207016
Added Member To Class: ClassName=Main Member=Component C? 885012207016
Added Member To Class: ClassName=Main Member=Component C? 885012008037
Added Member To Class: ClassName=Main Member=Component C? 885012208018
Added Member To Class: ClassName=Main Member=Component C? 885012207016
Added Member To Class: ClassName=Main Member=Component C? 885012207016
Added Member To Class: ClassName=Main Member=Component C? 885012207016
Added Member To Class: ClassName=Main Member=Component C? 885012207016
Added Member To Class: ClassName=Main Member=Component C? 885012007009
Added Member To Class: ClassName=Main Member=Component C? 885012207016
Added Member To Class: ClassName=Main Member=Component C? 885012208018
Added Member To Class: ClassName=Main Member=Component C? 885012207016
Added Member To Class: ClassName=Main Member=Component J? MEM2067-02-180-00-A_REVB
Added Member To Class: ClassName=Main Member=Component L? MHQ0402PSA2N2BT000
Added Member To Class: ClassName=Main Member=Component R? 560112116031
Added Member To Class: ClassName=Main Member=Component R? RC0805JR-075K1L
Added Member To Class: ClassName=Main Member=Component R? RC0805JR-075K1L
Added Member To Class: ClassName=Main Member=Component R? 560112116043
Added Member To Class: ClassName=Main Member=Component R? RC0805JR-075K1L
Added Member To Class: ClassName=Main Member=Component R? RC0805JR-075K1L
Added Member To Class: ClassName=Main Member=Component R? 560112116031
Added Member To Class: ClassName=Main Member=Component R? RC0805JR-075K1L
Added Member To Class: ClassName=Main Member=Component R? RC0805JR-075K1L
Added Member To Class: ClassName=Main Member=Component S? PTS_647_SM38_SMTR2_LFS
Added Member To Class: ClassName=Main Member=Component U? W25Q16JVUUIQ TR
Added Member To Class: ClassName=Main Member=Component U? USBLC6-2SC6
